#
# A fatal error has been detected by the Java Runtime Environment:
#
#  EXCEPTION_ACCESS_VIOLATION (0xc0000005) at pc=0x00bb2ab5, pid=3984, tid=2576
#
# JRE version: 6.0_25-b06
# Java VM: Java HotSpot(TM) Client VM (20.0-b11 mixed mode, sharing windows-x86 )
# Problematic frame:
# J  java.util.HashMap.get(Ljava/lang/Object;)Ljava/lang/Object;
#
# If you would like to submit a bug report, please visit:
#   http://java.sun.com/webapps/bugreport/crash.jsp
#

---------------  T H R E A D  ---------------

Current thread (0x03f17000):  JavaThread "main" [_thread_in_Java, id=2576, stack(0x05ce0000,0x05ee0000)]

siginfo: ExceptionCode=0xc0000005, reading address 0x51b1de70

Registers:
EAX=0x1ea5f3fa, EBX=0xffffffed, ECX=0x1f7311fb, EDX=0x51b1de68
ESP=0x05edf730, EBP=0x05edf79c, ESI=0x11087f88, EDI=0x00000024
EIP=0x00bb2ab5, EFLAGS=0x00010202

Top of Stack: (sp=0x05edf730)
0x05edf730:   00000000 00000000 05edf758 00be9fe3
0x05edf740:   03f17c80 05edf748 2a2292b0 2a53fc98
0x05edf750:   10b1a4e8 11087f88 05edf7cc 1f7311fb
0x05edf760:   03f17c80 05edf768 05edf79c 00b13463
0x05edf770:   00b13463 11087f88 10b1a4e8 05edf77c
0x05edf780:   36bbb5ed 05edf7a8 376b11b0 00000000
0x05edf790:   376b16c8 05edf774 05edf7a4 05edf7cc
0x05edf7a0:   00b12f87 11087f88 10b1a4d8 05edf7ac 

Instructions: (pc=0x00bb2ab5)
0x00bb2a95:   8b 72 08 4e 23 f1 3b 72 08 0f 83 b6 00 00 00 8b
0x00bb2aa5:   54 b2 0c 8b 74 24 24 83 fa 00 0f 84 57 00 00 00
0x00bb2ab5:   8b 7a 08 3b f9 0f 85 2d 00 00 00 8b 7a 0c 3b fe
0x00bb2ac5:   0f 84 33 00 00 00 89 54 24 28 8b d7 8b ce 90 90 


Register to memory mapping:

EAX=0x1ea5f3fa is an unallocated location in the heap
EBX=0xffffffed is an unknown value
ECX=0x1f7311fb is an unallocated location in the heap
EDX=0x51b1de68 is an unknown value
ESP=0x05edf730 is pointing into the stack for thread: 0x03f17000
EBP=0x05edf79c is pointing into the stack for thread: 0x03f17000
ESI=
[error occurred during error reporting (printing register info), id 0xc0000005]

Stack: [0x05ce0000,0x05ee0000],  sp=0x05edf730,  free space=2045k
Native frames: (J=compiled Java code, j=interpreted, Vv=VM code, C=native code)
J  java.util.HashMap.get(Ljava/lang/Object;)Ljava/lang/Object;
j  java.util.jar.Attributes.getValue(Ljava/lang/String;)Ljava/lang/String;+9
j  org.netbeans.Module.parseManifest()V+213
j  org.netbeans.StandardModule.<init>(Lorg/netbeans/ModuleManager;Lorg/netbeans/Events;Ljava/io/File;Ljava/lang/Object;ZZZ)V+54
j  org.netbeans.ModuleFactory.create(Ljava/io/File;Ljava/lang/Object;ZZZLorg/netbeans/ModuleManager;Lorg/netbeans/Events;)Lorg/netbeans/Module;+15
j  org.netbeans.ModuleManager.create(Ljava/io/File;Ljava/lang/Object;ZZZ)Lorg/netbeans/Module;+40
j  org.netbeans.core.startup.ModuleList$ReadInitial.run()V+1184
j  org.openide.filesystems.EventControl.runAtomicAction(Lorg/openide/filesystems/FileSystem$AtomicAction;)V+7
j  org.openide.filesystems.FileSystem.runAtomicAction(Lorg/openide/filesystems/FileSystem$AtomicAction;)V+5
j  org.netbeans.core.startup.ModuleList.readInitial()Ljava/util/Set;+37
j  org.netbeans.core.startup.ModuleSystem.readList()V+32
j  org.netbeans.core.startup.Main.getModuleSystem()Lorg/netbeans/core/startup/ModuleSystem;+84
j  org.netbeans.core.startup.Main.start([Ljava/lang/String;)V+385
j  org.netbeans.core.startup.TopThreadGroup.run()V+4
j  java.lang.Thread.run()V+11
v  ~StubRoutines::call_stub
V  [jvm.dll+0xfad0b]
V  [jvm.dll+0x18c241]
V  [jvm.dll+0xfaeb1]
V  [jvm.dll+0xfaf0b]
V  [jvm.dll+0xb5549]
V  [jvm.dll+0x118f44]
V  [jvm.dll+0x140a8c]
C  [MSVCR71.dll+0x9565]  endthreadex+0xa0
C  [kernel32.dll+0xb729]  GetModuleFileNameA+0x1ba


---------------  P R O C E S S  ---------------

Java Threads: ( => current thread )
  0x03fc7000 JavaThread "AWT-EventQueue-0" [_thread_blocked, id=296, stack(0x06980000,0x06b80000)]
  0x03f61400 JavaThread "AWT-Windows" daemon [_thread_in_native, id=3192, stack(0x063e0000,0x065e0000)]
  0x03f60800 JavaThread "AWT-Shutdown" [_thread_blocked, id=1616, stack(0x061e0000,0x063e0000)]
  0x03f56400 JavaThread "Java2D Disposer" daemon [_thread_blocked, id=2716, stack(0x05fe0000,0x061e0000)]
=>0x03f17000 JavaThread "main" [_thread_in_Java, id=2576, stack(0x05ce0000,0x05ee0000)]
  0x03f13800 JavaThread "Inactive RequestProcessor thread [Was:Secure CLI Port/org.netbeans.CLIHandler$1]" daemon [_thread_blocked, id=216, stack(0x05ae0000,0x05ce0000)]
  0x03f03400 JavaThread "Timer-0" daemon [_thread_blocked, id=3032, stack(0x058e0000,0x05ae0000)]
  0x03f06400 JavaThread "CLI Requests Server" daemon [_thread_in_native, id=2244, stack(0x056e0000,0x058e0000)]
  0x03ef6400 JavaThread "Active Reference Queue Daemon" daemon [_thread_blocked, id=2340, stack(0x040f0000,0x042f0000)]
  0x02e55000 JavaThread "Low Memory Detector" daemon [_thread_blocked, id=812, stack(0x03af0000,0x03cf0000)]
  0x02e5c800 JavaThread "C1 CompilerThread0" daemon [_thread_blocked, id=2172, stack(0x038f0000,0x03af0000)]
  0x02e5b000 JavaThread "Attach Listener" daemon [_thread_blocked, id=3840, stack(0x036f0000,0x038f0000)]
  0x02e72800 JavaThread "Signal Dispatcher" daemon [_thread_blocked, id=2032, stack(0x034f0000,0x036f0000)]
  0x02e49800 JavaThread "Finalizer" daemon [_thread_blocked, id=3752, stack(0x032f0000,0x034f0000)]
  0x02e48000 JavaThread "Reference Handler" daemon [_thread_blocked, id=3448, stack(0x030f0000,0x032f0000)]
  0x00ac8000 JavaThread "main" [_thread_blocked, id=3856, stack(0x00030000,0x00230000)]

Other Threads:
  0x02e0c000 VMThread [stack: 0x02ef0000,0x030f0000] [id=3236]
  0x02e6a400 WatcherThread [stack: 0x03cf0000,0x03ef0000] [id=268]

VM state:not at safepoint (normal execution)

VM Mutex/Monitor currently owned by a thread: None

Heap
 def new generation   total 9792K, used 7968K [0x109e0000, 0x11480000, 0x191e0000)
  eden space 8704K,  79% used [0x109e0000, 0x110a5b60, 0x11260000)
  from space 1088K,  95% used [0x11260000, 0x11362828, 0x11370000)
  to   space 1088K,   0% used [0x11370000, 0x11370000, 0x11480000)
 tenured generation   total 21888K, used 1796K [0x191e0000, 0x1a740000, 0x2a1e0000)
   the space 21888K,   8% used [0x191e0000, 0x193a1398, 0x193a1400, 0x1a740000)
 compacting perm gen  total 32768K, used 3455K [0x2a1e0000, 0x2c1e0000, 0x369e0000)
   the space 32768K,  10% used [0x2a1e0000, 0x2a53fcf8, 0x2a53fe00, 0x2c1e0000)
    ro space 10240K,  54% used [0x369e0000, 0x36f5e770, 0x36f5e800, 0x373e0000)
    rw space 12288K,  55% used [0x373e0000, 0x37a84ac8, 0x37a84c00, 0x37fe0000)

Code Cache  [0x00b10000, 0x00c10000, 0x02b10000)
 total_blobs=508 nmethods=310 adapters=134 free_code_cache=32518016 largest_free_block=0

Dynamic libraries:
0x00400000 - 0x0046a000 	C:\Program Files\NetBeans 6.7\bin\netbeans.exe
0x7c940000 - 0x7c9df000 	C:\WINDOWS\system32\ntdll.dll
0x7c800000 - 0x7c933000 	C:\WINDOWS\system32\kernel32.dll
0x77bc0000 - 0x77c18000 	C:\WINDOWS\system32\msvcrt.dll
0x77d80000 - 0x77e29000 	C:\WINDOWS\system32\ADVAPI32.DLL
0x77e30000 - 0x77ec3000 	C:\WINDOWS\system32\RPCRT4.dll
0x77fa0000 - 0x77fb1000 	C:\WINDOWS\system32\Secur32.dll
0x77cf0000 - 0x77d80000 	C:\WINDOWS\system32\USER32.dll
0x77ed0000 - 0x77f19000 	C:\WINDOWS\system32\GDI32.dll
0x762e0000 - 0x762fd000 	C:\WINDOWS\system32\IMM32.DLL
0x60740000 - 0x60749000 	C:\WINDOWS\system32\LPK.DLL
0x73f80000 - 0x73feb000 	C:\WINDOWS\system32\USP10.dll
0x10000000 - 0x1003a000 	C:\Program Files\NetBeans 6.7\platform10\lib\nbexec.dll
0x6d8a0000 - 0x6db4f000 	C:\WORKS\PROGRAMS\Java\jdk1.6.0_25\jre\bin\client\jvm.dll
0x76af0000 - 0x76b1b000 	C:\WINDOWS\system32\WINMM.dll
0x7c340000 - 0x7c396000 	C:\WORKS\PROGRAMS\Java\jdk1.6.0_25\jre\bin\MSVCR71.dll
0x6d850000 - 0x6d85c000 	C:\WORKS\PROGRAMS\Java\jdk1.6.0_25\jre\bin\verify.dll
0x6d3d0000 - 0x6d3ef000 	C:\WORKS\PROGRAMS\Java\jdk1.6.0_25\jre\bin\java.dll
0x76ba0000 - 0x76bab000 	C:\WINDOWS\system32\PSAPI.DLL
0x6d890000 - 0x6d89f000 	C:\WORKS\PROGRAMS\Java\jdk1.6.0_25\jre\bin\zip.dll
0x6d6b0000 - 0x6d6c3000 	C:\WORKS\PROGRAMS\Java\jdk1.6.0_25\jre\bin\net.dll
0x719e0000 - 0x719f7000 	C:\WINDOWS\system32\WS2_32.dll
0x719d0000 - 0x719d8000 	C:\WINDOWS\system32\WS2HELP.dll
0x6d6d0000 - 0x6d6d9000 	C:\WORKS\PROGRAMS\Java\jdk1.6.0_25\jre\bin\nio.dll
0x76d10000 - 0x76d29000 	C:\WINDOWS\system32\iphlpapi.dll
0x76cf0000 - 0x76d08000 	C:\WINDOWS\system32\MPRAPI.dll
0x77fc0000 - 0x77ff2000 	C:\WINDOWS\system32\ACTIVEDS.dll
0x76dc0000 - 0x76de5000 	C:\WINDOWS\system32\adsldpc.dll
0x59250000 - 0x592a5000 	C:\WINDOWS\system32\NETAPI32.dll
0x76f10000 - 0x76f3c000 	C:\WINDOWS\system32\WLDAP32.dll
0x76ad0000 - 0x76ae1000 	C:\WINDOWS\system32\ATL.DLL
0x76970000 - 0x76aae000 	C:\WINDOWS\system32\ole32.dll
0x770d0000 - 0x7715b000 	C:\WINDOWS\system32\OLEAUT32.dll
0x76e30000 - 0x76e3e000 	C:\WINDOWS\system32\rtutils.dll
0x71b40000 - 0x71b53000 	C:\WINDOWS\system32\SAMLIB.dll
0x76040000 - 0x76199000 	C:\WINDOWS\system32\SETUPAPI.dll
0x71980000 - 0x719bf000 	C:\WINDOWS\system32\mswsock.dll
0x607c0000 - 0x60816000 	C:\WINDOWS\system32\hnetcfg.dll
0x719c0000 - 0x719c8000 	C:\WINDOWS\System32\wshtcpip.dll
0x68000000 - 0x68036000 	C:\WINDOWS\system32\rsaenh.dll
0x7e8c0000 - 0x7e971000 	C:\WINDOWS\system32\USERENV.dll
0x76ed0000 - 0x76ef7000 	C:\WINDOWS\system32\DNSAPI.dll
0x76f60000 - 0x76f68000 	C:\WINDOWS\System32\winrnr.dll
0x64000000 - 0x64021000 	C:\Program Files\Bonjour\mdnsNSP.dll
0x76f70000 - 0x76f76000 	C:\WINDOWS\system32\rasadhlp.dll
0x6d0b0000 - 0x6d1fb000 	C:\WORKS\PROGRAMS\Java\jdk1.6.0_25\jre\bin\awt.dll
0x72f50000 - 0x72f76000 	C:\WINDOWS\system32\WINSPOOL.DRV
0x5ab60000 - 0x5abfa000 	C:\WINDOWS\system32\COMCTL32.dll
0x58730000 - 0x58768000 	C:\WINDOWS\system32\uxtheme.dll
0x6d2e0000 - 0x6d32f000 	C:\WORKS\PROGRAMS\Java\jdk1.6.0_25\jre\bin\fontmanager.dll
0x60d20000 - 0x60d88000 	C:\PROGRAM FILES\NORTON INTERNET SECURITY\ENGINE\18.7.0.13\ASOEHOOK.DLL
0x78520000 - 0x785c3000 	C:\WINDOWS\WinSxS\x86_Microsoft.VC90.CRT_1fc8b3b9a1e18e3b_9.0.30729.4974_x-ww_d889290f\MSVCR90.dll
0x78480000 - 0x7850e000 	C:\WINDOWS\WinSxS\x86_Microsoft.VC90.CRT_1fc8b3b9a1e18e3b_9.0.30729.4974_x-ww_d889290f\MSVCP90.dll
0x74660000 - 0x746ac000 	C:\WINDOWS\system32\MSCTF.dll
0x73620000 - 0x7364e000 	C:\WINDOWS\system32\msctfime.ime
0x4edc0000 - 0x4ee16000 	C:\WINDOWS\system32\imjp81.ime
0x648f0000 - 0x649c0000 	C:\WINDOWS\system32\imjp81k.dll
0x7d5b0000 - 0x7ddb0000 	C:\WINDOWS\system32\SHELL32.dll
0x77f20000 - 0x77f96000 	C:\WINDOWS\system32\SHLWAPI.dll
0x77160000 - 0x77263000 	C:\WINDOWS\WinSxS\x86_Microsoft.Windows.Common-Controls_6595b64144ccf1df_6.0.2600.6028_x-ww_61e65202\comctl32.dll

VM Arguments:
jvm_args: -Dnetbeans.importclass=org.netbeans.upgrade.AutoUpgrade -Dnetbeans.accept_license_class=org.netbeans.license.AcceptLicense -Dorg.glassfish.v3.installRoot=C:\WORKS\PROGRAMS\glassfish-3.1.2 -client -Xss2m -Xms32m -XX:PermSize=32m -XX:MaxPermSize=200m -Xverify:none -Dapple.laf.useScreenMenuBar=true -Dsun.java2d.noddraw=true -Xmx407m -Djdk.home=C:\WORKS\PROGRAMS\Java\jdk1.6.0_25 -Dnetbeans.home=C:\Program Files\NetBeans 6.7\platform10 -Dnetbeans.dirs=C:\Program Files\NetBeans 6.7\nb6.7;C:\Program Files\NetBeans 6.7\ergonomics1;C:\Program Files\NetBeans 6.7\ide11;C:\Program Files\NetBeans 6.7\java2;C:\Program Files\NetBeans 6.7\xml2;C:\Program Files\NetBeans 6.7\apisupport1;C:\Program Files\NetBeans 6.7\webcommon1;C:\Program Files\NetBeans 6.7\websvccommon1;C:\Program Files\NetBeans 6.7\enterprise5;C:\Program Files\NetBeans 6.7\mobility8;C:\Program Files\NetBeans 6.7\profiler3;C:\Program Files\NetBeans 6.7\ruby2;C:\Program Files\NetBeans 6.7\python1;C:\Program Files\NetBeans 6.7\php1;C:\Program Files\NetBeans 6.7\visualweb2;C:\Program Files\NetBeans 6.7\soa2;C:\Program Files\NetBeans 6.7\identity2;C:\Program Files\NetBeans 6.7\uml6;C:\Program Files\NetBeans 6.7\harness;C:\Program Files\NetBeans 6.7\cnd2;C:\Program Files\NetBeans 6.7\dlight1;C:\Program Files\NetBeans 6.7\groovy1;C:\Program Files\NetBeans 6.7\extra;C:\Program Files\NetBeans 6.7\javafx2 -Dnetbeans.user=C:\Documents and Settings\iwabuchiken\.netbeans\6.7 -XX:+HeapDumpOnOutOfMemoryError -XX:HeapDumpPath=C:\Documents and Settings\iwabuchiken\.netbeans\6.7\var\log\heapdump.hprof -Dnetbeans.system_http_proxy=DIRECT -Dsun.awt.keepWorkingSetOnMinimize=true 
java_command: <unknown>
Launcher Type: generic

Environment Variables:
JAVA_HOME=C:\WORKS\PROGRAMS\Java\jdk1.6.0_31
PATH=C:\WINDOWS\system32;C:\WINDOWS;C:\WINDOWS\System32\Wbem;C:\WORKS\PROGRAMS\Git\cmd;C:\WORKS\PROGRAMS\MinGW\bin;;C:\WORKS;C:\WORKS\PROGRAMS\Git\bin;C:\WORKS\WORKSPACES\G_nbp_new;C:\WORKS\PROGRAMS\Python266;C:\WORKS\PROGRAMS\Java\jdk1.6.0_31;C:\WORKS\PROGRAMS\Java\jdk1.6.0_31\bin;C:\WORKS\PROGRAMS\MinGW\bin;C:\WORKS\PROGRAMS\borland\bcc55\Bin;C:\WORKS\PROGRAMS\borland\bcc55;C:\WORKS\PROGRAMS\MinGW;C:\WORKS\PROGRAMS\MinGW\bin;C:\WORKS\WORKSPACES\programming_1\G06_gitignore
USERNAME=iwabuchiken
OS=Windows_NT
PROCESSOR_IDENTIFIER=x86 Family 6 Model 15 Stepping 6, GenuineIntel



---------------  S Y S T E M  ---------------

OS: Windows XP Build 2600 Service Pack 3

CPU:total 2 (2 cores per cpu, 1 threads per core) family 6 model 15 stepping 6, cmov, cx8, fxsr, mmx, sse, sse2, sse3, ssse3

Memory: 4k page, physical 2086440k(697252k free), swap 4023812k(2504272k free)

vm_info: Java HotSpot(TM) Client VM (20.0-b11) for windows-x86 JRE (1.6.0_25-b06), built on Apr 14 2011 01:04:32 by "java_re" with MS VC++ 7.1 (VS2003)

time: Fri Mar 23 14:50:33 2012
elapsed time: 1 seconds

